<?xml version="1.0" encoding="UTF-8"?>
<!-- Generated by org.testng.reporters.JUnitReportReporter -->
<testsuite hostname="DESKTOP-K8UUFCH" name="WebElementsDemo.DropDownDemo2" tests="1" failures="0" timestamp="13 Mar 2024 22:26:54 GMT" time="11.086" errors="0">
  <testcase name="Dropdown2" time="11.086" classname="WebElementsDemo.DropDownDemo2"/>
</testsuite> <!-- WebElementsDemo.DropDownDemo2 -->
