<?xml version="1.0" encoding="UTF-8"?>
<!-- Generated by org.testng.reporters.JUnitReportReporter -->
<testsuite hostname="DESKTOP-K8UUFCH" name="iopackage.DateTimeStampDemo" tests="1" failures="0" timestamp="15 May 2024 10:59:20 GMT" time="0.055" errors="0">
  <testcase name="TimeStamp" time="0.055" classname="iopackage.DateTimeStampDemo"/>
</testsuite> <!-- iopackage.DateTimeStampDemo -->
