<?xml version="1.0" encoding="UTF-8"?>
<!-- Generated by org.testng.reporters.JUnitReportReporter -->
<testsuite hostname="DESKTOP-K8UUFCH" name="WebElementsDemo.seleniumTest" tests="1" failures="0" timestamp="18 May 2024 10:11:27 GMT" time="12.816" errors="0">
  <testcase name="alertDemo1of8" time="12.816" classname="WebElementsDemo.seleniumTest"/>
</testsuite> <!-- WebElementsDemo.seleniumTest -->
