<?xml version="1.0" encoding="UTF-8"?>
<!-- Generated by org.testng.reporters.JUnitReportReporter -->
<testsuite hostname="DESKTOP-K8UUFCH" name="WebElementsDemo.PartialLinkDemo" tests="1" failures="0" timestamp="13 Mar 2024 23:34:33 GMT" time="7.828" errors="0">
  <testcase name="PartialLink" time="7.828" classname="WebElementsDemo.PartialLinkDemo"/>
</testsuite> <!-- WebElementsDemo.PartialLinkDemo -->
