<?xml version="1.0" encoding="UTF-8"?>
<!-- Generated by org.testng.reporters.JUnitReportReporter -->
<testsuite hostname="DESKTOP-K8UUFCH" name="WebElementsDemo.InputBoxTest2" tests="1" failures="0" timestamp="13 Mar 2024 23:09:11 GMT" time="8.599" errors="0">
  <testcase name="InputBox2" time="8.599" classname="WebElementsDemo.InputBoxTest2"/>
</testsuite> <!-- WebElementsDemo.InputBoxTest2 -->
