<?xml version="1.0" encoding="UTF-8"?>
<!-- Generated by org.testng.reporters.JUnitReportReporter -->
<testsuite hostname="DESKTOP-K8UUFCH" name="WebElementsDemo.MyntraLogin" tests="1" failures="0" timestamp="21 May 2024 10:26:03 GMT" time="19.949" errors="0">
  <testcase name="myntra" time="19.949" classname="WebElementsDemo.MyntraLogin"/>
</testsuite> <!-- WebElementsDemo.MyntraLogin -->
