<?xml version="1.0" encoding="UTF-8"?>
<!-- Generated by org.testng.reporters.JUnitReportReporter -->
<testsuite hostname="DESKTOP-K8UUFCH" name="WebElementsDemo.iframeDemo3" tests="1" failures="0" timestamp="8 May 2024 05:54:43 GMT" time="13.188" errors="0">
  <testcase name="iframe3" time="13.188" classname="WebElementsDemo.iframeDemo3"/>
</testsuite> <!-- WebElementsDemo.iframeDemo3 -->
