<?xml version="1.0" encoding="UTF-8"?>
<!-- Generated by org.testng.reporters.JUnitReportReporter -->
<testsuite hostname="DESKTOP-K8UUFCH" name="ddfwDemo1.TestngInvokeDemo1" tests="11" failures="0" timestamp="30 Apr 2024 07:21:32 GMT" time="0.032" errors="0">
  <testcase name="funA" time="0.001" classname="ddfwDemo1.TestngInvokeDemo1"/>
  <testcase name="funA" time="0.000" classname="ddfwDemo1.TestngInvokeDemo1"/>
  <testcase name="funA" time="0.001" classname="ddfwDemo1.TestngInvokeDemo1"/>
  <testcase name="funA" time="0.001" classname="ddfwDemo1.TestngInvokeDemo1"/>
  <testcase name="funA" time="0.023" classname="ddfwDemo1.TestngInvokeDemo1"/>
  <testcase name="funA" time="0.002" classname="ddfwDemo1.TestngInvokeDemo1"/>
  <testcase name="funA" time="0.000" classname="ddfwDemo1.TestngInvokeDemo1"/>
  <testcase name="funB" time="0.001" classname="ddfwDemo1.TestngInvokeDemo1"/>
  <testcase name="funA" time="0.001" classname="ddfwDemo1.TestngInvokeDemo1"/>
  <testcase name="funA" time="0.001" classname="ddfwDemo1.TestngInvokeDemo1"/>
  <testcase name="funA" time="0.001" classname="ddfwDemo1.TestngInvokeDemo1"/>
</testsuite> <!-- ddfwDemo1.TestngInvokeDemo1 -->
