<?xml version="1.0" encoding="UTF-8"?>
<!-- Generated by org.testng.reporters.JUnitReportReporter -->
<testsuite hostname="DESKTOP-K8UUFCH" name="WebElementsDemo.brokenLinkDemo2" tests="1" failures="0" timestamp="14 Mar 2024 00:45:16 GMT" time="4.515" errors="0">
  <testcase name="brokenlink2" time="4.515" classname="WebElementsDemo.brokenLinkDemo2"/>
</testsuite> <!-- WebElementsDemo.brokenLinkDemo2 -->
