<?xml version="1.0" encoding="UTF-8"?>
<!-- Generated by org.testng.reporters.JUnitReportReporter -->
<testsuite hostname="DESKTOP-K8UUFCH" name="WebElementsDemo.ImplicitWaitDemo1" tests="1" failures="0" timestamp="22 Mar 2024 02:17:57 GMT" time="11.445" errors="0">
  <testcase name="implicitwait1" time="11.445" classname="WebElementsDemo.ImplicitWaitDemo1"/>
</testsuite> <!-- WebElementsDemo.ImplicitWaitDemo1 -->
