<?xml version="1.0" encoding="UTF-8"?>
<!-- Generated by org.testng.reporters.JUnitReportReporter -->
<testsuite hostname="DESKTOP-K8UUFCH" name="WebElementsDemo.DragAndDropDemo1" tests="1" failures="0" timestamp="26 Apr 2024 05:00:01 GMT" time="8.039" errors="0">
  <testcase name="DragAndDrop" time="8.039" classname="WebElementsDemo.DragAndDropDemo1"/>
</testsuite> <!-- WebElementsDemo.DragAndDropDemo1 -->
