<?xml version="1.0" encoding="UTF-8"?>
<!-- Generated by org.testng.reporters.JUnitReportReporter -->
<testsuite hostname="DESKTOP-K8UUFCH" name="WebElementsDemo.ButtonDemo1" tests="1" failures="0" timestamp="14 Mar 2024 00:31:34 GMT" time="6.398" errors="0">
  <testcase name="button1" time="6.398" classname="WebElementsDemo.ButtonDemo1"/>
</testsuite> <!-- WebElementsDemo.ButtonDemo1 -->
