<?xml version="1.0" encoding="UTF-8"?>
<!-- Generated by org.testng.reporters.JUnitReportReporter -->
<testsuite hostname="DESKTOP-K8UUFCH" name="testngDemo1.testngclass1" tests="1" failures="0" timestamp="18 May 2024 11:45:20 GMT" time="0.023" errors="0">
  <testcase name="funA" time="0.023" classname="testngDemo1.testngclass1"/>
</testsuite> <!-- testngDemo1.testngclass1 -->
