<?xml version="1.0" encoding="UTF-8"?>
<!-- Generated by org.testng.reporters.JUnitReportReporter -->
<testsuite hostname="DESKTOP-K8UUFCH" name="ddfwDemo1.DataProviderDemo2" tests="3" failures="0" timestamp="17 May 2024 12:08:43 GMT" time="0.016" errors="0">
  <testcase name="funA" time="0.002" classname="ddfwDemo1.DataProviderDemo2"/>
  <testcase name="funA" time="0.013" classname="ddfwDemo1.DataProviderDemo2"/>
  <testcase name="funA" time="0.001" classname="ddfwDemo1.DataProviderDemo2"/>
</testsuite> <!-- ddfwDemo1.DataProviderDemo2 -->
