<?xml version="1.0" encoding="UTF-8"?>
<!-- Generated by org.testng.reporters.JUnitReportReporter -->
<testsuite hostname="DESKTOP-K8UUFCH" name="WebElementsDemo.RadioButtonAssignment" tests="1" failures="0" timestamp="13 Mar 2024 23:38:55 GMT" time="12.340" errors="0">
  <testcase name="RadioButton" time="12.340" classname="WebElementsDemo.RadioButtonAssignment"/>
</testsuite> <!-- WebElementsDemo.RadioButtonAssignment -->
