<?xml version="1.0" encoding="UTF-8"?>
<!-- Generated by org.testng.reporters.JUnitReportReporter -->
<testsuite hostname="DESKTOP-K8UUFCH" name="reports.ExtentReportsWithSelenium" tests="1" failures="0" timestamp="27 Mar 2024 02:55:30 GMT" time="12.757" errors="0">
  <testcase name="ExtentReportsWithSeleniumTest" time="12.757" classname="reports.ExtentReportsWithSelenium"/>
</testsuite> <!-- reports.ExtentReportsWithSelenium -->
