<?xml version="1.0" encoding="UTF-8"?>
<!-- Generated by org.testng.reporters.JUnitReportReporter -->
<testsuite hostname="DESKTOP-K8UUFCH" name="excelRead.Excel_Read_Demo5" tests="1" failures="0" timestamp="30 Apr 2024 07:35:45 GMT" time="1.234" errors="0">
  <testcase name="excelRead" time="1.234" classname="excelRead.Excel_Read_Demo5"/>
</testsuite> <!-- excelRead.Excel_Read_Demo5 -->
