<?xml version="1.0" encoding="UTF-8"?>
<!-- Generated by org.testng.reporters.JUnitReportReporter -->
<testsuite hostname="DESKTOP-K8UUFCH" name="WebElementsDemo.InputBoxTest4" tests="1" failures="0" timestamp="13 Mar 2024 23:07:34 GMT" time="7.130" errors="0">
  <testcase name="InputBox4" time="7.130" classname="WebElementsDemo.InputBoxTest4"/>
</testsuite> <!-- WebElementsDemo.InputBoxTest4 -->
