<?xml version="1.0" encoding="UTF-8"?>
<!-- Generated by org.testng.reporters.JUnitReportReporter -->
<testsuite hostname="DESKTOP-K8UUFCH" name="TestngFramewokDemo.TestngAnnotationDemo1" tests="2" failures="0" timestamp="19 May 2024 04:09:38 GMT" time="0.004" errors="0">
  <testcase name="funA" time="0.002" classname="TestngFramewokDemo.TestngAnnotationDemo1"/>
  <testcase name="funB" time="0.002" classname="TestngFramewokDemo.TestngAnnotationDemo1"/>
</testsuite> <!-- TestngFramewokDemo.TestngAnnotationDemo1 -->
