<?xml version="1.0" encoding="UTF-8"?>
<!-- Generated by org.testng.reporters.JUnitReportReporter -->
<testsuite hostname="DESKTOP-K8UUFCH" name="WebElementsDemo.CheckBoxTest1" tests="1" failures="0" timestamp="22 Apr 2024 02:00:23 GMT" time="13.257" errors="0">
  <testcase name="checkbox1" time="13.257" classname="WebElementsDemo.CheckBoxTest1"/>
</testsuite> <!-- WebElementsDemo.CheckBoxTest1 -->
