<?xml version="1.0" encoding="UTF-8"?>
<!-- Generated by org.testng.reporters.JUnitReportReporter -->
<testsuite hostname="DESKTOP-K8UUFCH" name="WebElementsDemo.CloseAndQuitDemo2" tests="1" failures="0" timestamp="20 Mar 2024 02:39:31 GMT" time="9.004" errors="0">
  <testcase name="closeAndQuit2" time="9.004" classname="WebElementsDemo.CloseAndQuitDemo2"/>
</testsuite> <!-- WebElementsDemo.CloseAndQuitDemo2 -->
