<?xml version="1.0" encoding="UTF-8"?>
<!-- Generated by org.testng.reporters.JUnitReportReporter -->
<testsuite hostname="DESKTOP-K8UUFCH" name="excelRead.Excel_Read_Demo3" tests="1" failures="0" timestamp="30 Apr 2024 07:34:19 GMT" time="1.253" errors="0">
  <testcase name="excelRead" time="1.253" classname="excelRead.Excel_Read_Demo3"/>
</testsuite> <!-- excelRead.Excel_Read_Demo3 -->
