<?xml version="1.0" encoding="UTF-8"?>
<!-- Generated by org.testng.reporters.JUnitReportReporter -->
<testsuite hostname="DESKTOP-K8UUFCH" name="WebElementsDemo.webTableDemo1" tests="1" failures="0" timestamp="31 May 2024 03:36:28 GMT" time="8.573" errors="0">
  <testcase name="webtable1" time="8.573" classname="WebElementsDemo.webTableDemo1"/>
</testsuite> <!-- WebElementsDemo.webTableDemo1 -->
