<?xml version="1.0" encoding="UTF-8"?>
<!-- Generated by org.testng.reporters.JUnitReportReporter -->
<testsuite hostname="DESKTOP-K8UUFCH" name="WebElementsDemo.RadioButtonAssignment2" tests="1" failures="0" timestamp="13 Mar 2024 23:46:30 GMT" time="39.534" errors="0">
  <testcase name="RadioButton2" time="39.534" classname="WebElementsDemo.RadioButtonAssignment2"/>
</testsuite> <!-- WebElementsDemo.RadioButtonAssignment2 -->
