<?xml version="1.0" encoding="UTF-8"?>
<!-- Generated by org.testng.reporters.JUnitReportReporter -->
<testsuite hostname="DESKTOP-5DGV9QA" name="testngDemo1.testngDemo4" tests="4" failures="0" timestamp="10 Feb 2024 12:24:49 GMT" time="0.021" errors="0">
  <testcase name="funA" time="0.003" classname="testngDemo1.testngDemo4"/>
  <testcase name="funC" time="0.017" classname="testngDemo1.testngDemo4"/>
  <testcase name="funB" time="0.001" classname="testngDemo1.testngDemo4"/>
  <testcase name="funD" time="0.000" classname="testngDemo1.testngDemo4"/>
</testsuite> <!-- testngDemo1.testngDemo4 -->
