<?xml version="1.0" encoding="UTF-8"?>
<!-- Generated by org.testng.reporters.JUnitReportReporter -->
<testsuite hostname="DESKTOP-K8UUFCH" name="WebElementsDemo.AlertDemoAssignment4" tests="1" failures="0" timestamp="15 Mar 2024 04:54:12 GMT" time="21.809" errors="0">
  <testcase name="AlertassignmentClick4" time="21.809" classname="WebElementsDemo.AlertDemoAssignment4"/>
</testsuite> <!-- WebElementsDemo.AlertDemoAssignment4 -->
