<?xml version="1.0" encoding="UTF-8"?>
<!-- Generated by org.testng.reporters.JUnitReportReporter -->
<testsuite hostname="DESKTOP-K8UUFCH" name="iopackage.FileInputOutputStreamDemo1" tests="1" failures="0" timestamp="23 Mar 2024 17:06:39 GMT" time="0.023" errors="0">
  <testcase name="FileInputOutputStreamTest" time="0.023" classname="iopackage.FileInputOutputStreamDemo1"/>
</testsuite> <!-- iopackage.FileInputOutputStreamDemo1 -->
