<?xml version="1.0" encoding="UTF-8"?>
<!-- Generated by org.testng.reporters.JUnitReportReporter -->
<testsuite hostname="DESKTOP-K8UUFCH" name="WebElementsDemo.AlertDemoAssignment3" tests="1" failures="0" timestamp="15 Mar 2024 03:57:00 GMT" time="17.165" errors="0">
  <testcase name="AlertassignmentClick3" time="17.165" classname="WebElementsDemo.AlertDemoAssignment3"/>
</testsuite> <!-- WebElementsDemo.AlertDemoAssignment3 -->
