<?xml version="1.0" encoding="UTF-8"?>
<!-- Generated by org.testng.reporters.JUnitReportReporter -->
<testsuite hostname="DESKTOP-K8UUFCH" name="TestngFramewokDemo.TestngDemo4A" tests="2" failures="0" timestamp="16 May 2024 04:43:46 GMT" time="0.002" errors="0">
  <testcase name="CustomerDetails" time="0.000" classname="TestngFramewokDemo.TestngDemo4A"/>
  <testcase name="loginTest" time="0.002" classname="TestngFramewokDemo.TestngDemo4A"/>
</testsuite> <!-- TestngFramewokDemo.TestngDemo4A -->
