<?xml version="1.0" encoding="UTF-8"?>
<!-- Generated by org.testng.reporters.JUnitReportReporter -->
<testsuite hostname="DESKTOP-K8UUFCH" name="TestngFramewokDemo.TestngDemo3" tests="4" failures="0" timestamp="18 May 2024 05:11:43 GMT" time="0.024" errors="0">
  <testcase name="funB" time="0.004" classname="TestngFramewokDemo.TestngDemo3"/>
  <testcase name="funC" time="0.016" classname="TestngFramewokDemo.TestngDemo3"/>
  <testcase name="funA" time="0.001" classname="TestngFramewokDemo.TestngDemo3"/>
  <testcase name="funE" time="0.003" classname="TestngFramewokDemo.TestngDemo3"/>
</testsuite> <!-- TestngFramewokDemo.TestngDemo3 -->
