<?xml version="1.0" encoding="UTF-8"?>
<!-- Generated by org.testng.reporters.JUnitReportReporter -->
<testsuite hostname="DESKTOP-K8UUFCH" name="fileUpload.AutoItDemo1" tests="1" failures="0" timestamp="18 May 2024 05:26:33 GMT" time="5.641" errors="0">
  <testcase name="fileuploadtest" time="5.641" classname="fileUpload.AutoItDemo1"/>
</testsuite> <!-- fileUpload.AutoItDemo1 -->
