<?xml version="1.0" encoding="UTF-8"?>
<!-- Generated by org.testng.reporters.JUnitReportReporter -->
<testsuite hostname="DESKTOP-5DGV9QA" name="testngDemo1.testngDemo2" tests="4" failures="0" timestamp="6 Mar 2024 01:52:57 GMT" time="0.036" errors="0">
  <testcase name="funC" time="0.002" classname="testngDemo1.testngDemo2"/>
  <testcase name="funA" time="0.032" classname="testngDemo1.testngDemo2"/>
  <testcase name="funB" time="0.001" classname="testngDemo1.testngDemo2"/>
  <testcase name="funD" time="0.001" classname="testngDemo1.testngDemo2"/>
</testsuite> <!-- testngDemo1.testngDemo2 -->
