<?xml version="1.0" encoding="UTF-8"?>
<!-- Generated by org.testng.reporters.JUnitReportReporter -->
<testsuite hostname="DESKTOP-K8UUFCH" name="WebElementsDemo.WindowHandlesHYR" tests="1" failures="0" timestamp="23 May 2024 07:06:22 GMT" time="24.383" errors="0">
  <testcase name="windowhandles" time="24.383" classname="WebElementsDemo.WindowHandlesHYR"/>
</testsuite> <!-- WebElementsDemo.WindowHandlesHYR -->
