<?xml version="1.0" encoding="UTF-8"?>
<!-- Generated by org.testng.reporters.JUnitReportReporter -->
<testsuite hostname="DESKTOP-K8UUFCH" name="ddfwDemo1.DataProviderDemo3" tests="3" failures="0" timestamp="30 Apr 2024 07:20:58 GMT" time="0.014" errors="0">
  <testcase name="funA" time="0.011" classname="ddfwDemo1.DataProviderDemo3"/>
  <testcase name="funA" time="0.002" classname="ddfwDemo1.DataProviderDemo3"/>
  <testcase name="funA" time="0.001" classname="ddfwDemo1.DataProviderDemo3"/>
</testsuite> <!-- ddfwDemo1.DataProviderDemo3 -->
