<?xml version="1.0" encoding="UTF-8"?>
<!-- Generated by org.testng.reporters.JUnitReportReporter -->
<testsuite hostname="DESKTOP-K8UUFCH" name="WebElementsDemo.GenericMethodsTest7" tests="1" failures="0" timestamp="27 Mar 2024 09:16:07 GMT" time="13.755" errors="0">
  <testcase name="GenericMethodsTest7" time="13.755" classname="WebElementsDemo.GenericMethodsTest7"/>
</testsuite> <!-- WebElementsDemo.GenericMethodsTest7 -->
