<?xml version="1.0" encoding="UTF-8"?>
<!-- Generated by org.testng.reporters.JUnitReportReporter -->
<testsuite hostname="DESKTOP-K8UUFCH" name="WebElementsDemo.CloseAndQuitDemo3" tests="1" failures="0" timestamp="20 Mar 2024 02:33:34 GMT" time="9.288" errors="0">
  <testcase name="CloseAndQuit3" time="9.288" classname="WebElementsDemo.CloseAndQuitDemo3"/>
</testsuite> <!-- WebElementsDemo.CloseAndQuitDemo3 -->
