<?xml version="1.0" encoding="UTF-8"?>
<!-- Generated by org.testng.reporters.JUnitReportReporter -->
<testsuite hostname="DESKTOP-K8UUFCH" name="WebElementsDemo.CssSelector" tests="1" failures="0" timestamp="22 Mar 2024 02:56:32 GMT" time="7.715" errors="0">
  <testcase name="css" time="7.715" classname="WebElementsDemo.CssSelector"/>
</testsuite> <!-- WebElementsDemo.CssSelector -->
