<?xml version="1.0" encoding="UTF-8"?>
<!-- Generated by org.testng.reporters.JUnitReportReporter -->
<testsuite hostname="DESKTOP-K8UUFCH" name="WebElementsDemo.DropDownDemo5" tests="1" failures="0" timestamp="7 May 2024 03:35:27 GMT" time="15.395" errors="0">
  <testcase name="Dropdown5" time="15.395" classname="WebElementsDemo.DropDownDemo5"/>
</testsuite> <!-- WebElementsDemo.DropDownDemo5 -->
