<?xml version="1.0" encoding="UTF-8"?>
<!-- Generated by org.testng.reporters.JUnitReportReporter -->
<testsuite hostname="DESKTOP-K8UUFCH" name="WebElementsDemo.AlerttDemoAssignment" tests="1" failures="0" timestamp="31 May 2024 05:22:40 GMT" time="33.246" errors="0">
  <testcase name="AlertassignmentClick1" time="33.246" classname="WebElementsDemo.AlerttDemoAssignment"/>
</testsuite> <!-- WebElementsDemo.AlerttDemoAssignment -->
