<?xml version="1.0" encoding="UTF-8"?>
<!-- Generated by org.testng.reporters.JUnitReportReporter -->
<testsuite hostname="DESKTOP-K8UUFCH" name="iopackage.FileDemo1" tests="1" failures="0" timestamp="22 May 2024 05:17:29 GMT" time="0.022" errors="0">
  <testcase name="FileDemo" time="0.022" classname="iopackage.FileDemo1"/>
</testsuite> <!-- iopackage.FileDemo1 -->
