<?xml version="1.0" encoding="UTF-8"?>
<!-- Generated by org.testng.reporters.JUnitReportReporter -->
<testsuite hostname="DESKTOP-5DGV9QA" name="TestngFramewokDemo.TestngAnnotationsDemo1" tests="2" failures="0" timestamp="8 Mar 2024 11:37:03 GMT" time="0.015" errors="0">
  <testcase name="funB" time="0.004" classname="TestngFramewokDemo.TestngAnnotationsDemo1"/>
  <testcase name="funA" time="0.011" classname="TestngFramewokDemo.TestngAnnotationsDemo1"/>
</testsuite> <!-- TestngFramewokDemo.TestngAnnotationsDemo1 -->
