<?xml version="1.0" encoding="UTF-8"?>
<!-- Generated by org.testng.reporters.JUnitReportReporter -->
<testsuite hostname="DESKTOP-K8UUFCH" name="iopackage.ScreenshotDemo1" tests="1" failures="0" timestamp="25 Mar 2024 02:30:20 GMT" time="11.176" errors="0">
  <testcase name="ScreenshotTest" time="11.176" classname="iopackage.ScreenshotDemo1"/>
</testsuite> <!-- iopackage.ScreenshotDemo1 -->
