<?xml version="1.0" encoding="UTF-8"?>
<!-- Generated by org.testng.reporters.JUnitReportReporter -->
<testsuite hostname="DESKTOP-K8UUFCH" name="WebElementsDemo.DropDownDemo1" tests="1" failures="0" timestamp="3 Jun 2024 06:45:24 GMT" time="12.270" errors="0">
  <testcase name="Dropdown1" time="12.270" classname="WebElementsDemo.DropDownDemo1"/>
</testsuite> <!-- WebElementsDemo.DropDownDemo1 -->
