<?xml version="1.0" encoding="UTF-8"?>
<!-- Generated by org.testng.reporters.JUnitReportReporter -->
<testsuite hostname="DESKTOP-K8UUFCH" name="WebElementsDemo.CheckBoxTest2" tests="1" failures="0" timestamp="22 Apr 2024 02:08:31 GMT" time="7.768" errors="0">
  <testcase name="checkbox2" time="7.768" classname="WebElementsDemo.CheckBoxTest2"/>
</testsuite> <!-- WebElementsDemo.CheckBoxTest2 -->
