<?xml version="1.0" encoding="UTF-8"?>
<!-- Generated by org.testng.reporters.JUnitReportReporter -->
<testsuite hostname="DESKTOP-K8UUFCH" name="WebElementsDemo.InputBoxTest3" tests="1" failures="0" timestamp="13 Mar 2024 22:48:02 GMT" time="5.753" errors="0">
  <testcase name="InputBox3" time="5.753" classname="WebElementsDemo.InputBoxTest3"/>
</testsuite> <!-- WebElementsDemo.InputBoxTest3 -->
