<?xml version="1.0" encoding="UTF-8"?>
<!-- Generated by org.testng.reporters.JUnitReportReporter -->
<testsuite hostname="DESKTOP-K8UUFCH" name="excelRead.Excel_Read_Demo6" tests="1" failures="0" timestamp="22 May 2024 06:34:59 GMT" time="1.220" errors="0">
  <testcase name="excelRead" time="1.220" classname="excelRead.Excel_Read_Demo6"/>
</testsuite> <!-- excelRead.Excel_Read_Demo6 -->
