<?xml version="1.0" encoding="UTF-8"?>
<!-- Generated by org.testng.reporters.JUnitReportReporter -->
<testsuite hostname="DESKTOP-K8UUFCH" name="WebElementsDemo.CloseAndQuitDemo1" tests="1" failures="0" timestamp="20 Mar 2024 02:21:55 GMT" time="10.383" errors="0">
  <testcase name="closeAndQuit" time="10.383" classname="WebElementsDemo.CloseAndQuitDemo1"/>
</testsuite> <!-- WebElementsDemo.CloseAndQuitDemo1 -->
