<?xml version="1.0" encoding="UTF-8"?>
<!-- Generated by org.testng.reporters.JUnitReportReporter -->
<testsuite hostname="DESKTOP-K8UUFCH" name="WebElementsDemo.PageTitleDemo2" tests="1" failures="0" timestamp="5 Jun 2024 07:16:59 GMT" time="18.197" errors="0">
  <testcase name="pagetitle2" time="18.197" classname="WebElementsDemo.PageTitleDemo2"/>
</testsuite> <!-- WebElementsDemo.PageTitleDemo2 -->
