<?xml version="1.0" encoding="UTF-8"?>
<!-- Generated by org.testng.reporters.JUnitReportReporter -->
<testsuite hostname="DESKTOP-5DGV9QA" name="Annotations.AnnotationDemo5" tests="3" failures="0" timestamp="10 Feb 2024 03:51:38 GMT" time="0.015" errors="0">
  <testcase name="funB" time="0.000" classname="Annotations.AnnotationDemo5"/>
  <testcase name="func" time="0.015" classname="Annotations.AnnotationDemo5"/>
  <testcase name="funA" time="0.000" classname="Annotations.AnnotationDemo5"/>
</testsuite> <!-- Annotations.AnnotationDemo5 -->
