<?xml version="1.0" encoding="UTF-8"?>
<!-- Generated by org.testng.reporters.JUnitReportReporter -->
<testsuite hostname="DESKTOP-K8UUFCH" name="WebElementsDemo.InputBoxTest1" tests="1" failures="0" timestamp="22 Apr 2024 02:34:43 GMT" time="7.881" errors="0">
  <testcase name="InputBox1" time="7.881" classname="WebElementsDemo.InputBoxTest1"/>
</testsuite> <!-- WebElementsDemo.InputBoxTest1 -->
