<?xml version="1.0" encoding="UTF-8"?>
<!-- Generated by org.testng.reporters.JUnitReportReporter -->
<testsuite hostname="DESKTOP-K8UUFCH" name="excelRead.Excel_Read_Demo1" tests="1" failures="0" timestamp="22 May 2024 05:24:14 GMT" time="1.568" errors="0">
  <testcase name="excelRead" time="1.568" classname="excelRead.Excel_Read_Demo1"/>
</testsuite> <!-- excelRead.Excel_Read_Demo1 -->
