<?xml version="1.0" encoding="UTF-8"?>
<!-- Generated by org.testng.reporters.JUnitReportReporter -->
<testsuite hostname="DESKTOP-K8UUFCH" name="WebElementsDemo.WebTableDemo2" tests="1" failures="0" timestamp="3 May 2024 02:41:21 GMT" time="8.974" errors="0">
  <testcase name="webtable2" time="8.974" classname="WebElementsDemo.WebTableDemo2"/>
</testsuite> <!-- WebElementsDemo.WebTableDemo2 -->
