<?xml version="1.0" encoding="UTF-8"?>
<!-- Generated by org.testng.reporters.JUnitReportReporter -->
<testsuite hostname="DESKTOP-K8UUFCH" name="reports.ExtentReportsWithSelenium2" tests="1" failures="0" timestamp="27 Mar 2024 03:03:07 GMT" time="0.894" errors="0">
  <testcase name="ExtentReportsWithSeleniumTest" time="0.894" classname="reports.ExtentReportsWithSelenium2"/>
</testsuite> <!-- reports.ExtentReportsWithSelenium2 -->
