<?xml version="1.0" encoding="UTF-8"?>
<!-- Generated by org.testng.reporters.JUnitReportReporter -->
<testsuite hostname="DESKTOP-K8UUFCH" name="TestngFramewokDemo.TestngDemo1" tests="1" failures="0" timestamp="20 May 2024 09:57:54 GMT" time="0.014" errors="0">
  <testcase name="funA" time="0.014" classname="TestngFramewokDemo.TestngDemo1"/>
</testsuite> <!-- TestngFramewokDemo.TestngDemo1 -->
