<?xml version="1.0" encoding="UTF-8"?>
<!-- Generated by org.testng.reporters.JUnitReportReporter -->
<testsuite hostname="DESKTOP-K8UUFCH" name="WebElementsDemo.ButtonDemo2" tests="1" failures="0" timestamp="14 Mar 2024 00:30:34 GMT" time="6.500" errors="0">
  <testcase name="button2" time="6.500" classname="WebElementsDemo.ButtonDemo2"/>
</testsuite> <!-- WebElementsDemo.ButtonDemo2 -->
