<?xml version="1.0" encoding="UTF-8"?>
<!-- Generated by org.testng.reporters.JUnitReportReporter -->
<testsuite hostname="DESKTOP-K8UUFCH" name="fileUpload.AutoItDemo1" tests="1" failures="0" timestamp="5 Jun 2024 09:32:39 GMT" time="5.382" errors="0">
  <testcase name="fileuploadtest" time="5.382" classname="fileUpload.AutoItDemo1"/>
</testsuite> <!-- fileUpload.AutoItDemo1 -->
