<?xml version="1.0" encoding="UTF-8"?>
<!-- Generated by org.testng.reporters.JUnitReportReporter -->
<testsuite hostname="DESKTOP-K8UUFCH" name="WebElementsDemo.BrokenLinkDemo1" tests="1" failures="0" timestamp="3 May 2024 02:44:11 GMT" time="5.627" errors="0">
  <testcase name="brokenlink1" time="5.627" classname="WebElementsDemo.BrokenLinkDemo1"/>
</testsuite> <!-- WebElementsDemo.BrokenLinkDemo1 -->
