<?xml version="1.0" encoding="UTF-8"?>
<!-- Generated by org.testng.reporters.JUnitReportReporter -->
<testsuite hostname="DESKTOP-K8UUFCH" name="WebElementsDemo.WindowhandleDemo3" tests="1" failures="0" timestamp="31 May 2024 05:32:41 GMT" time="20.461" errors="0">
  <testcase name="Windowhandle3" time="20.461" classname="WebElementsDemo.WindowhandleDemo3"/>
</testsuite> <!-- WebElementsDemo.WindowhandleDemo3 -->
