<?xml version="1.0" encoding="UTF-8"?>
<!-- Generated by org.testng.reporters.JUnitReportReporter -->
<testsuite hostname="DESKTOP-K8UUFCH" name="WebElementsDemo.LinkTextDemo" tests="1" failures="0" timestamp="15 Mar 2024 14:25:19 GMT" time="10.547" errors="0">
  <testcase name="linktext" time="10.547" classname="WebElementsDemo.LinkTextDemo"/>
</testsuite> <!-- WebElementsDemo.LinkTextDemo -->
