<?xml version="1.0" encoding="UTF-8"?>
<!-- Generated by org.testng.reporters.JUnitReportReporter -->
<testsuite hostname="DESKTOP-K8UUFCH" name="ddfwDemo1.DataProviderDemo1" tests="3" failures="0" timestamp="17 May 2024 11:55:47 GMT" time="0.018" errors="0">
  <testcase name="funA" time="0.001" classname="ddfwDemo1.DataProviderDemo1"/>
  <testcase name="funA" time="0.014" classname="ddfwDemo1.DataProviderDemo1"/>
  <testcase name="funA" time="0.003" classname="ddfwDemo1.DataProviderDemo1"/>
</testsuite> <!-- ddfwDemo1.DataProviderDemo1 -->
