<?xml version="1.0" encoding="UTF-8"?>
<!-- Generated by org.testng.reporters.JUnitReportReporter -->
<testsuite hostname="DESKTOP-K8UUFCH" name="Annotations.AnnotationDemo4" tests="2" failures="0" timestamp="30 Apr 2024 07:17:32 GMT" time="0.016" errors="0">
  <testcase name="funA" time="0.011" classname="Annotations.AnnotationDemo4"/>
  <testcase name="funB" time="0.005" classname="Annotations.AnnotationDemo4"/>
</testsuite> <!-- Annotations.AnnotationDemo4 -->
