<?xml version="1.0" encoding="UTF-8"?>
<!-- Generated by org.testng.reporters.JUnitReportReporter -->
<testsuite hostname="DESKTOP-K8UUFCH" name="iopackage.PropertiesFileReadDemo1" tests="1" failures="0" timestamp="25 Mar 2024 03:56:15 GMT" time="0.018" errors="0">
  <testcase name="PropertiesFileRead" time="0.018" classname="iopackage.PropertiesFileReadDemo1"/>
</testsuite> <!-- iopackage.PropertiesFileReadDemo1 -->
