<?xml version="1.0" encoding="UTF-8"?>
<!-- Generated by org.testng.reporters.JUnitReportReporter -->
<testsuite hostname="DESKTOP-K8UUFCH" name="TestngFramewokDemo.AnnotationsHYR" tests="2" failures="0" timestamp="20 May 2024 07:21:11 GMT" time="0.015" errors="0">
  <testcase name="funA" time="0.011" classname="TestngFramewokDemo.AnnotationsHYR"/>
  <testcase name="funB" time="0.004" classname="TestngFramewokDemo.AnnotationsHYR"/>
</testsuite> <!-- TestngFramewokDemo.AnnotationsHYR -->
