<?xml version="1.0" encoding="UTF-8"?>
<!-- Generated by org.testng.reporters.JUnitReportReporter -->
<testsuite hostname="DESKTOP-K8UUFCH" name="reports.ExtentReportsDemo1" tests="1" failures="0" timestamp="18 May 2024 06:30:44 GMT" time="1.094" errors="0">
  <testcase name="extentReportsTest" time="1.094" classname="reports.ExtentReportsDemo1"/>
</testsuite> <!-- reports.ExtentReportsDemo1 -->
