<?xml version="1.0" encoding="UTF-8"?>
<!-- Generated by org.testng.reporters.JUnitReportReporter -->
<testsuite hostname="DESKTOP-K8UUFCH" name="WebElementsDemo.RadioButtonDemo1" tests="1" failures="0" timestamp="14 Mar 2024 00:14:02 GMT" time="10.610" errors="0">
  <testcase name="RadioButton1" time="10.610" classname="WebElementsDemo.RadioButtonDemo1"/>
</testsuite> <!-- WebElementsDemo.RadioButtonDemo1 -->
