<?xml version="1.0" encoding="UTF-8"?>
<!-- Generated by org.testng.reporters.JUnitReportReporter -->
<testsuite hostname="DESKTOP-5DGV9QA" name="TestngFramewokDemo.TestngAnnotationDemo4" tests="1" failures="0" timestamp="10 Mar 2024 04:59:07 GMT" time="0.021" errors="0">
  <testcase name="funA" time="0.021" classname="TestngFramewokDemo.TestngAnnotationDemo4"/>
</testsuite> <!-- TestngFramewokDemo.TestngAnnotationDemo4 -->
