<?xml version="1.0" encoding="UTF-8"?>
<!-- Generated by org.testng.reporters.JUnitReportReporter -->
<testsuite hostname="DESKTOP-K8UUFCH" name="WebElementsDemo.GenericMethodsTest8" tests="1" failures="0" timestamp="12 Apr 2024 13:44:31 GMT" time="34.147" errors="0">
  <testcase name="GenericMethodsTest8" time="34.147" classname="WebElementsDemo.GenericMethodsTest8"/>
</testsuite> <!-- WebElementsDemo.GenericMethodsTest8 -->
