<?xml version="1.0" encoding="UTF-8"?>
<!-- Generated by org.testng.reporters.JUnitReportReporter -->
<testsuite hostname="DESKTOP-K8UUFCH" name="WebElementsDemo.InputBoxTest5" tests="1" failures="0" timestamp="13 Mar 2024 23:12:05 GMT" time="21.915" errors="0">
  <testcase name="InputBox5" time="21.915" classname="WebElementsDemo.InputBoxTest5"/>
</testsuite> <!-- WebElementsDemo.InputBoxTest5 -->
