<?xml version="1.0" encoding="UTF-8"?>
<!-- Generated by org.testng.reporters.JUnitReportReporter -->
<testsuite hostname="DESKTOP-K8UUFCH" name="TestngFramewokDemo.TestngDemo2" tests="4" failures="0" timestamp="18 May 2024 06:36:43 GMT" time="0.027" errors="0">
  <testcase name="funD" time="0.001" classname="TestngFramewokDemo.TestngDemo2"/>
  <testcase name="funB" time="0.001" classname="TestngFramewokDemo.TestngDemo2"/>
  <testcase name="funA" time="0.023" classname="TestngFramewokDemo.TestngDemo2"/>
  <testcase name="funC" time="0.002" classname="TestngFramewokDemo.TestngDemo2"/>
</testsuite> <!-- TestngFramewokDemo.TestngDemo2 -->
