<?xml version="1.0" encoding="UTF-8"?>
<!-- Generated by org.testng.reporters.JUnitReportReporter -->
<testsuite hostname="DESKTOP-K8UUFCH" name="WebElementsDemo.AlertDemo3" tests="1" failures="0" timestamp="19 May 2024 05:16:40 GMT" time="13.521" errors="0">
  <testcase name="alertDemo3of8" time="13.521" classname="WebElementsDemo.AlertDemo3"/>
</testsuite> <!-- WebElementsDemo.AlertDemo3 -->
