<?xml version="1.0" encoding="UTF-8"?>
<!-- Generated by org.testng.reporters.JUnitReportReporter -->
<testsuite hostname="DESKTOP-K8UUFCH" name="WebElementsDemo.AlertDemoAssignment2" tests="1" failures="0" timestamp="29 Apr 2024 17:32:03 GMT" time="18.783" errors="0">
  <testcase name="AlertassignmentClick2" time="18.783" classname="WebElementsDemo.AlertDemoAssignment2"/>
</testsuite> <!-- WebElementsDemo.AlertDemoAssignment2 -->
