<?xml version="1.0" encoding="UTF-8"?>
<!-- Generated by org.testng.reporters.JUnitReportReporter -->
<testsuite hostname="DESKTOP-K8UUFCH" name="TestngFramewokDemo.TestNgInvocation" tests="4" failures="0" timestamp="18 May 2024 06:06:13 GMT" time="0.038" errors="0">
  <testcase name="loginTest" time="0.002" classname="TestngFramewokDemo.TestNgInvocation"/>
  <testcase name="loginTest" time="0.022" classname="TestngFramewokDemo.TestNgInvocation"/>
  <testcase name="loginTest" time="0.001" classname="TestngFramewokDemo.TestNgInvocation"/>
  <testcase name="CustomerDetails" time="0.013" classname="TestngFramewokDemo.TestNgInvocation"/>
</testsuite> <!-- TestngFramewokDemo.TestNgInvocation -->
