<?xml version="1.0" encoding="UTF-8"?>
<!-- Generated by org.testng.reporters.JUnitReportReporter -->
<testsuite hostname="DESKTOP-5DGV9QA" name="Annotations.AnnotationDemo1" tests="1" failures="0" timestamp="4 Mar 2024 01:31:44 GMT" time="0.024" errors="0">
  <testcase name="funA" time="0.024" classname="Annotations.AnnotationDemo1"/>
</testsuite> <!-- Annotations.AnnotationDemo1 -->
