<?xml version="1.0" encoding="UTF-8"?>
<!-- Generated by org.testng.reporters.JUnitReportReporter -->
<testsuite hostname="DESKTOP-K8UUFCH" name="WebElementsDemo.DragAndDropDemo2" tests="1" failures="0" timestamp="23 Apr 2024 12:01:10 GMT" time="17.906" errors="0">
  <testcase name="DragAndDrop" time="17.906" classname="WebElementsDemo.DragAndDropDemo2"/>
</testsuite> <!-- WebElementsDemo.DragAndDropDemo2 -->
