<?xml version="1.0" encoding="UTF-8"?>
<!-- Generated by org.testng.reporters.JUnitReportReporter -->
<testsuite hostname="DESKTOP-K8UUFCH" name="WebElementsDemo.AlertDemo2" tests="1" failures="0" timestamp="19 May 2024 05:16:40 GMT" time="17.381" errors="0">
  <testcase name="Alert" time="17.381" classname="WebElementsDemo.AlertDemo2"/>
</testsuite> <!-- WebElementsDemo.AlertDemo2 -->
