<?xml version="1.0" encoding="UTF-8"?>
<!-- Generated by org.testng.reporters.JUnitReportReporter -->
<testsuite hostname="DESKTOP-K8UUFCH" name="fileUpload.fileUploadDemo1" tests="1" failures="0" timestamp="18 May 2024 05:31:28 GMT" time="4.992" errors="0">
  <testcase name="fileuploadtest" time="4.992" classname="fileUpload.fileUploadDemo1"/>
</testsuite> <!-- fileUpload.fileUploadDemo1 -->
