<?xml version="1.0" encoding="UTF-8"?>
<!-- Generated by org.testng.reporters.JUnitReportReporter -->
<testsuite hostname="DESKTOP-K8UUFCH" name="WebElementsDemo.brokenLinkDemo3" tests="1" failures="0" timestamp="14 Mar 2024 00:50:46 GMT" time="5.261" errors="0">
  <testcase name="brokenlink3" time="5.261" classname="WebElementsDemo.brokenLinkDemo3"/>
</testsuite> <!-- WebElementsDemo.brokenLinkDemo3 -->
