<?xml version="1.0" encoding="UTF-8"?>
<!-- Generated by org.testng.reporters.JUnitReportReporter -->
<testsuite hostname="DESKTOP-K8UUFCH" name="WebElementsDemo.PageTitleDemo1" tests="1" failures="0" timestamp="17 Mar 2024 14:50:29 GMT" time="11.158" errors="0">
  <testcase name="pagetitle" time="11.158" classname="WebElementsDemo.PageTitleDemo1"/>
</testsuite> <!-- WebElementsDemo.PageTitleDemo1 -->
