<?xml version="1.0" encoding="UTF-8"?>
<!-- Generated by org.testng.reporters.JUnitReportReporter -->
<testsuite hostname="DESKTOP-5DGV9QA" name="TestngFramewokDemo.TestngXmlDemo1" tests="1" failures="0" timestamp="8 Mar 2024 01:49:59 GMT" time="0.001" errors="0">
  <testcase name="f" time="0.001" classname="TestngFramewokDemo.TestngXmlDemo1"/>
</testsuite> <!-- TestngFramewokDemo.TestngXmlDemo1 -->
