<?xml version="1.0" encoding="UTF-8"?>
<!-- Generated by org.testng.reporters.JUnitReportReporter -->
<testsuite hostname="DESKTOP-K8UUFCH" name="WebElementsDemo.RadioButtonAssignment3" tests="1" failures="0" timestamp="13 Mar 2024 23:48:26 GMT" time="10.301" errors="0">
  <testcase name="RadioButton3" time="10.301" classname="WebElementsDemo.RadioButtonAssignment3"/>
</testsuite> <!-- WebElementsDemo.RadioButtonAssignment3 -->
