<?xml version="1.0" encoding="UTF-8"?>
<!-- Generated by org.testng.reporters.JUnitReportReporter -->
<testsuite hostname="DESKTOP-5DGV9QA" name="seleniumWithTestng.checkboxTest1" tests="1" failures="0" timestamp="9 Mar 2024 12:01:26 GMT" time="34.094" errors="0">
  <testcase name="funA" time="34.094" classname="seleniumWithTestng.checkboxTest1"/>
</testsuite> <!-- seleniumWithTestng.checkboxTest1 -->
