<?xml version="1.0" encoding="UTF-8"?>
<!-- Generated by org.testng.reporters.JUnitReportReporter -->
<testsuite hostname="DESKTOP-K8UUFCH" name="TestngFramewokDemo.AssertionsHYR" tests="1" failures="0" timestamp="20 May 2024 06:41:29 GMT" time="12.396" errors="0">
  <testcase name="TestFaceBook" time="12.396" classname="TestngFramewokDemo.AssertionsHYR"/>
</testsuite> <!-- TestngFramewokDemo.AssertionsHYR -->
