<?xml version="1.0" encoding="UTF-8"?>
<!-- Generated by org.testng.reporters.JUnitReportReporter -->
<testsuite hostname="DESKTOP-5DGV9QA" name="assertionDemo.assertDescription" tests="1" failures="0" timestamp="10 Feb 2024 12:52:18 GMT" time="0.017" errors="0">
  <testcase name="Assert" time="0.017" classname="assertionDemo.assertDescription"/>
</testsuite> <!-- assertionDemo.assertDescription -->
