<?xml version="1.0" encoding="UTF-8"?>
<!-- Generated by org.testng.reporters.JUnitReportReporter -->
<testsuite hostname="DESKTOP-K8UUFCH" name="WebElementsDemo.ExplicitWaitDemo4" tests="1" failures="0" timestamp="22 Mar 2024 02:07:42 GMT" time="10.301" errors="0">
  <testcase name="checkbox" time="10.301" classname="WebElementsDemo.ExplicitWaitDemo4"/>
</testsuite> <!-- WebElementsDemo.ExplicitWaitDemo4 -->
