<?xml version="1.0" encoding="UTF-8"?>
<!-- Generated by org.testng.reporters.JUnitReportReporter -->
<testsuite hostname="DESKTOP-K8UUFCH" name="WebElementsDemo.BrokenLinkDemo4" tests="1" failures="0" timestamp="3 May 2024 02:46:47 GMT" time="6.224" errors="0">
  <testcase name="brokenlink4" time="6.224" classname="WebElementsDemo.BrokenLinkDemo4"/>
</testsuite> <!-- WebElementsDemo.BrokenLinkDemo4 -->
