<?xml version="1.0" encoding="UTF-8"?>
<!-- Generated by org.testng.reporters.JUnitReportReporter -->
<testsuite hostname="DESKTOP-K8UUFCH" name="TestngFramewokDemo.TestngDemo4" tests="2" failures="0" timestamp="16 May 2024 04:43:46 GMT" time="0.003" errors="0">
  <testcase name="CustomerDetails" time="0.001" classname="TestngFramewokDemo.TestngDemo4"/>
  <testcase name="loginTest" time="0.002" classname="TestngFramewokDemo.TestngDemo4"/>
</testsuite> <!-- TestngFramewokDemo.TestngDemo4 -->
