<?xml version="1.0" encoding="UTF-8"?>
<!-- Generated by org.testng.reporters.JUnitReportReporter -->
<testsuite hostname="DESKTOP-K8UUFCH" name="WebElementsDemo.CheckBoxTest2B" tests="1" failures="0" timestamp="13 Mar 2024 22:04:09 GMT" time="6.865" errors="0">
  <testcase name="checkbox2B" time="6.865" classname="WebElementsDemo.CheckBoxTest2B"/>
</testsuite> <!-- WebElementsDemo.CheckBoxTest2B -->
