<?xml version="1.0" encoding="UTF-8"?>
<!-- Generated by org.testng.reporters.JUnitReportReporter -->
<testsuite hostname="DESKTOP-K8UUFCH" name="WebElementsDemo.InputBoxTest6" tests="1" failures="0" timestamp="13 Mar 2024 23:29:52 GMT" time="10.727" errors="0">
  <testcase name="InputBox6" time="10.727" classname="WebElementsDemo.InputBoxTest6"/>
</testsuite> <!-- WebElementsDemo.InputBoxTest6 -->
