<?xml version="1.0" encoding="UTF-8"?>
<!-- Generated by org.testng.reporters.JUnitReportReporter -->
<testsuite hostname="DESKTOP-5DGV9QA" name="testngDemo1.testngDemo5" tests="2" failures="0" timestamp="10 Feb 2024 12:25:46 GMT" time="0.020" errors="0">
  <testcase name="funA" time="0.019" classname="testngDemo1.testngDemo5"/>
  <testcase name="funB" time="0.001" classname="testngDemo1.testngDemo5"/>
</testsuite> <!-- testngDemo1.testngDemo5 -->
