<?xml version="1.0" encoding="UTF-8"?>
<!-- Generated by org.testng.reporters.JUnitReportReporter -->
<testsuite hostname="DESKTOP-K8UUFCH" name="reports.ExtentReportsDemo2" tests="1" failures="0" timestamp="27 Mar 2024 02:42:59 GMT" time="0.935" errors="0">
  <testcase name="extentReportsTest" time="0.935" classname="reports.ExtentReportsDemo2"/>
</testsuite> <!-- reports.ExtentReportsDemo2 -->
