<?xml version="1.0" encoding="UTF-8"?>
<!-- Generated by org.testng.reporters.JUnitReportReporter -->
<testsuite hostname="DESKTOP-K8UUFCH" name="WebElementsDemo.PageTitleDemo2" tests="1" failures="0" timestamp="17 Mar 2024 23:11:31 GMT" time="23.531" errors="0">
  <testcase name="pagetitle2" time="23.531" classname="WebElementsDemo.PageTitleDemo2"/>
</testsuite> <!-- WebElementsDemo.PageTitleDemo2 -->
