<?xml version="1.0" encoding="UTF-8"?>
<!-- Generated by org.testng.reporters.JUnitReportReporter -->
<testsuite hostname="DESKTOP-K8UUFCH" name="WebElementsDemo.DropDownDemo1" tests="1" failures="0" timestamp="7 May 2024 03:08:43 GMT" time="9.019" errors="0">
  <testcase name="Dropdown1" time="9.019" classname="WebElementsDemo.DropDownDemo1"/>
</testsuite> <!-- WebElementsDemo.DropDownDemo1 -->
