<?xml version="1.0" encoding="UTF-8"?>
<!-- Generated by org.testng.reporters.JUnitReportReporter -->
<testsuite hostname="DESKTOP-K8UUFCH" name="WebElementsDemo.ExplicitWaitDemo2" tests="1" failures="0" timestamp="21 Mar 2024 02:53:34 GMT" time="14.320" errors="0">
  <testcase name="checkbox" time="14.320" classname="WebElementsDemo.ExplicitWaitDemo2"/>
</testsuite> <!-- WebElementsDemo.ExplicitWaitDemo2 -->
