<?xml version="1.0" encoding="UTF-8"?>
<!-- Generated by org.testng.reporters.JUnitReportReporter -->
<testsuite hostname="DESKTOP-K8UUFCH" name="reports.ExtentReportsDemo3" tests="1" failures="0" timestamp="27 Mar 2024 02:43:10 GMT" time="0.878" errors="0">
  <testcase name="extentReportsTest" time="0.878" classname="reports.ExtentReportsDemo3"/>
</testsuite> <!-- reports.ExtentReportsDemo3 -->
