<?xml version="1.0" encoding="UTF-8"?>
<!-- Generated by org.testng.reporters.JUnitReportReporter -->
<testsuite hostname="DESKTOP-K8UUFCH" name="WebElementsDemo.iframeDemo2" tests="1" failures="0" timestamp="22 Apr 2024 11:46:17 GMT" time="14.103" errors="0">
  <testcase name="iframe2" time="14.103" classname="WebElementsDemo.iframeDemo2"/>
</testsuite> <!-- WebElementsDemo.iframeDemo2 -->
