<?xml version="1.0" encoding="UTF-8"?>
<!-- Generated by org.testng.reporters.JUnitReportReporter -->
<testsuite hostname="DESKTOP-K8UUFCH" name="ddfwDemo1.DataProviderRP" tests="2" failures="0" timestamp="17 May 2024 12:26:05 GMT" time="0.016" errors="0">
  <testcase name="test" time="0.002" classname="ddfwDemo1.DataProviderRP"/>
  <testcase name="test" time="0.014" classname="ddfwDemo1.DataProviderRP"/>
</testsuite> <!-- ddfwDemo1.DataProviderRP -->
