<?xml version="1.0" encoding="UTF-8"?>
<!-- Generated by org.testng.reporters.JUnitReportReporter -->
<testsuite hostname="DESKTOP-K8UUFCH" name="testngDemo1.testngDemo6" tests="2" failures="0" timestamp="16 May 2024 04:37:16 GMT" time="0.011" errors="0">
  <testcase name="funA" time="0.010" classname="testngDemo1.testngDemo6"/>
  <testcase name="funC" time="0.001" classname="testngDemo1.testngDemo6"/>
</testsuite> <!-- testngDemo1.testngDemo6 -->
