<?xml version="1.0" encoding="UTF-8"?>
<!-- Generated by org.testng.reporters.JUnitReportReporter -->
<testsuite hostname="DESKTOP-K8UUFCH" name="WebElementsDemo.LabelText1" tests="1" failures="0" timestamp="13 Mar 2024 23:31:34 GMT" time="7.374" errors="0">
  <testcase name="text1" time="7.374" classname="WebElementsDemo.LabelText1"/>
</testsuite> <!-- WebElementsDemo.LabelText1 -->
