<?xml version="1.0" encoding="UTF-8"?>
<!-- Generated by org.testng.reporters.JUnitReportReporter -->
<testsuite hostname="DESKTOP-K8UUFCH" name="WebElementsDemo.DropDownDemo3" tests="1" failures="0" timestamp="22 Apr 2024 02:40:51 GMT" time="11.537" errors="0">
  <testcase name="Dropdown3" time="11.537" classname="WebElementsDemo.DropDownDemo3"/>
</testsuite> <!-- WebElementsDemo.DropDownDemo3 -->
