<?xml version="1.0" encoding="UTF-8"?>
<!-- Generated by org.testng.reporters.JUnitReportReporter -->
<testsuite hostname="DESKTOP-K8UUFCH" name="WebElementsDemo.CheckBoxTest3" tests="1" failures="0" timestamp="13 Mar 2024 22:03:33 GMT" time="6.651" errors="0">
  <testcase name="checbox3" time="6.651" classname="WebElementsDemo.CheckBoxTest3"/>
</testsuite> <!-- WebElementsDemo.CheckBoxTest3 -->
